src/scheduler/model/algorithm/Generate.java
src/scheduler/model/db/IDatabase.java
src/scheduler/model/db/simple/Database.java
src/scheduler/model/db/sqlite/SQLdb.java
src/scheduler/model/Document.java
src/scheduler/model/Model.java
src/scheduler/view/web/client/calendar/CalendarListView.java
src/scheduler/view/web/client/calendar/CalendarTableView.java
src/scheduler/view/web/client/calendar/CourseListView.java
src/scheduler/view/web/client/calendar/DOMUtility.java
src/scheduler/view/web/client/calendar/DragAndDropController.java
src/scheduler/view/web/client/calendar/ScheduleEditWidget.java
src/scheduler/view/web/client/ExportDialog.java
src/scheduler/view/web/client/GreetingService.java
src/scheduler/view/web/client/GreetingServiceAsync.java
src/scheduler/view/web/client/MergeDialog.java
src/scheduler/view/web/client/NewScheduleCreator.java
src/scheduler/view/web/client/SaveAsDialog.java
src/scheduler/view/web/client/Scheduler.java
src/scheduler/view/web/client/TabOpener.java
src/scheduler/view/web/client/UnsavedDocumentStrategy.java
src/scheduler/view/web/client/UpdateHeaderStrategy.java
src/scheduler/view/web/client/URLUtilities.java
src/scheduler/view/web/client/views/AdminScheduleNavView.java
src/scheduler/view/web/client/views/CalendarView.java
src/scheduler/view/web/client/views/home/HomeView.java
src/scheduler/view/web/client/views/home/OriginalDocumentsCache.java
src/scheduler/view/web/client/views/home/OriginalDocumentsCacheDataSource.java
src/scheduler/view/web/client/views/LoginView.java
src/scheduler/view/web/client/views/resources/courses/CoursesDataSource.java
src/scheduler/view/web/client/views/resources/courses/CoursesView.java
src/scheduler/view/web/client/views/resources/instructors/CoursePrefsWidget.java
src/scheduler/view/web/client/views/resources/instructors/InstructorPreferencesView.java
src/scheduler/view/web/client/views/resources/instructors/InstructorPrefsWizardCourseView.java
src/scheduler/view/web/client/views/resources/instructors/InstructorPrefsWizardTimeView.java
src/scheduler/view/web/client/views/resources/instructors/InstructorsDataSource.java
src/scheduler/view/web/client/views/resources/instructors/InstructorsHomeView.java
src/scheduler/view/web/client/views/resources/instructors/InstructorsView.java
src/scheduler/view/web/client/views/resources/instructors/NoCourseDialog.java
src/scheduler/view/web/client/views/resources/instructors/TimePrefsWidget.java
src/scheduler/view/web/client/views/resources/locations/LocationsDataSource.java
src/scheduler/view/web/client/views/resources/locations/LocationsView.java
src/scheduler/view/web/client/views/ScheduleTrashView.java
src/scheduler/view/web/client/views/SelectScheduleView.java
src/scheduler/view/web/server/GreetingServiceImpl.java
src/scheduler/view/web/shared/DocumentGWT.java
src/scheduler/view/web/shared/LocationGWT.java
test/scheduler/model/AlgorithmTest.java
test/scheduler/model/AlgorithmTestTwo.java
test/scheduler/model/CoursesTest.java
test/scheduler/model/db/DatabaseTestCase.java
test/scheduler/model/DocumentsTest.java
test/scheduler/model/InstructorsPreferencesTest.java
test/scheduler/model/InstructorsTest.java
test/scheduler/model/LocationsTest.java
test/scheduler/model/ScheduleItemsTest.java
test/scheduler/view/web/shared/CSVTest.java
